# JRE version: 7.0_10-b18
# Java VM: Java HotSpot(TM) Server VM (23.6-b04 mixed mode linux-x86 )
Heap
 PSYoungGen      total 458752K, used 95672K [0x8b1f0000, 0xab1f0000, 0xab1f0000)
  eden space 393216K, 7% used [0x8b1f0000,0x8cf61688,0xa31f0000)
  from space 65536K, 99% used [0xa71f0000,0xab1ecc00,0xab1f0000)
  to   space 65536K, 0% used [0xa31f0000,0xa31f0000,0xa71f0000)
 ParOldGen       total 1048576K, used 33765K [0x4b1f0000, 0x8b1f0000, 0x8b1f0000)
  object space 1048576K, 3% used [0x4b1f0000,0x4d2e94d8,0x8b1f0000)
 PSPermGen       total 39168K, used 39047K [0x331f0000, 0x35830000, 0x4b1f0000)
  object space 39168K, 99% used [0x331f0000,0x35811d40,0x35830000)
GC Heap History (4 events):
Event: 14.263 GC heap before
{Heap before GC invocations=1 (full 0):
 PSYoungGen      total 458752K, used 393216K [0x8b1f0000, 0xab1f0000, 0xab1f0000)
  eden space 393216K, 100% used [0x8b1f0000,0xa31f0000,0xa31f0000)
  from space 65536K, 0% used [0xa71f0000,0xa71f0000,0xab1f0000)
  to   space 65536K, 0% used [0xa31f0000,0xa31f0000,0xa71f0000)
 ParOldGen       total 1048576K, used 0K [0x4b1f0000, 0x8b1f0000, 0x8b1f0000)
  object space 1048576K, 0% used [0x4b1f0000,0x4b1f0000,0x8b1f0000)
 PSPermGen       total 20608K, used 20482K [0x331f0000, 0x34610000, 0x4b1f0000)
  object space 20608K, 99% used [0x331f0000,0x345f0990,0x34610000)
Event: 14.347 GC heap after
Heap after GC invocations=1 (full 0):
 PSYoungGen      total 458752K, used 31099K [0x8b1f0000, 0xab1f0000, 0xab1f0000)
  eden space 393216K, 0% used [0x8b1f0000,0x8b1f0000,0xa31f0000)
  from space 65536K, 47% used [0xa31f0000,0xa504efa8,0xa71f0000)
  to   space 65536K, 0% used [0xa71f0000,0xa71f0000,0xab1f0000)
 ParOldGen       total 1048576K, used 0K [0x4b1f0000, 0x8b1f0000, 0x8b1f0000)
  object space 1048576K, 0% used [0x4b1f0000,0x4b1f0000,0x8b1f0000)
 PSPermGen       total 20608K, used 20482K [0x331f0000, 0x34610000, 0x4b1f0000)
  object space 20608K, 99% used [0x331f0000,0x345f0990,0x34610000)
}
Event: 54.356 GC heap before
{Heap before GC invocations=2 (full 0):
 PSYoungGen      total 458752K, used 424315K [0x8b1f0000, 0xab1f0000, 0xab1f0000)
  eden space 393216K, 100% used [0x8b1f0000,0xa31f0000,0xa31f0000)
  from space 65536K, 47% used [0xa31f0000,0xa504efa8,0xa71f0000)
  to   space 65536K, 0% used [0xa71f0000,0xa71f0000,0xab1f0000)
 ParOldGen       total 1048576K, used 0K [0x4b1f0000, 0x8b1f0000, 0x8b1f0000)
  object space 1048576K, 0% used [0x4b1f0000,0x4b1f0000,0x8b1f0000)
 PSPermGen       total 36736K, used 36623K [0x331f0000, 0x355d0000, 0x4b1f0000)
  object space 36736K, 99% used [0x331f0000,0x355b3c48,0x355d0000)
Event: 54.649 GC heap after
Heap after GC invocations=2 (full 0):
 PSYoungGen      total 458752K, used 65523K [0x8b1f0000, 0xab1f0000, 0xab1f0000)
  eden space 393216K, 0% used [0x8b1f0000,0x8b1f0000,0xa31f0000)
  from space 65536K, 99% used [0xa71f0000,0xab1ecc00,0xab1f0000)
  to   space 65536K, 0% used [0xa31f0000,0xa31f0000,0xa71f0000)
 ParOldGen       total 1048576K, used 33765K [0x4b1f0000, 0x8b1f0000, 0x8b1f0000)
  object space 1048576K, 3% used [0x4b1f0000,0x4d2e94d8,0x8b1f0000)
 PSPermGen       total 36736K, used 36623K [0x331f0000, 0x355d0000, 0x4b1f0000)
  object space 36736K, 99% used [0x331f0000,0x355b3c48,0x355d0000)
}

